<?xml version="1.0" encoding="UTF-8"?>
<testsuite name="LogicSimulatorTest" tests="1" skipped="0" failures="0" errors="0" timestamp="2020-08-24T08:30:48" hostname="DESKTOP-UH071IE" time="0.014">
  <properties/>
  <testcase name="testLoadFile" classname="LogicSimulatorTest" time="0.014"/>
  <system-out><![CDATA[3
3
1 -1 2.1 3.1 0
3 -2 0
2 2.1 -3 0
3
5
1 -1 2.1 3.1 0
3 -2 0
2 2.1 -3 0
1 -1 2.1 3.1 0
3 4.1 0
]]></system-out>
  <system-err><![CDATA[]]></system-err>
</testsuite>
